18-Nov-2021 00:28:02.179 INFO [Periodic background build discarder thread] hudson.model.AsyncPeriodicWork.lambda$doRun$0 Started Periodic background build discarder
18-Nov-2021 00:28:02.183 INFO [Periodic background build discarder thread] hudson.model.AsyncPeriodicWork.lambda$doRun$0 Finished Periodic background build discarder. 0 ms
18-Nov-2021 01:28:02.179 INFO [Periodic background build discarder thread] hudson.model.AsyncPeriodicWork.lambda$doRun$0 Started Periodic background build discarder
18-Nov-2021 01:28:02.181 INFO [Periodic background build discarder thread] hudson.model.AsyncPeriodicWork.lambda$doRun$0 Finished Periodic background build discarder. 0 ms
18-Nov-2021 02:28:02.179 INFO [Periodic background build discarder thread] hudson.model.AsyncPeriodicWork.lambda$doRun$0 Started Periodic background build discarder
18-Nov-2021 02:28:02.180 INFO [Periodic background build discarder thread] hudson.model.AsyncPeriodicWork.lambda$doRun$0 Finished Periodic background build discarder. 1 ms
18-Nov-2021 03:28:02.179 INFO [Periodic background build discarder thread] hudson.model.AsyncPeriodicWork.lambda$doRun$0 Started Periodic background build discarder
18-Nov-2021 03:28:02.180 INFO [Periodic background build discarder thread] hudson.model.AsyncPeriodicWork.lambda$doRun$0 Finished Periodic background build discarder. 1 ms
18-Nov-2021 04:28:02.179 INFO [Periodic background build discarder thread] hudson.model.AsyncPeriodicWork.lambda$doRun$0 Started Periodic background build discarder
18-Nov-2021 04:28:02.181 INFO [Periodic background build discarder thread] hudson.model.AsyncPeriodicWork.lambda$doRun$0 Finished Periodic background build discarder. 2 ms
18-Nov-2021 05:28:02.179 INFO [Periodic background build discarder thread] hudson.model.AsyncPeriodicWork.lambda$doRun$0 Started Periodic background build discarder
18-Nov-2021 05:28:02.180 INFO [Periodic background build discarder thread] hudson.model.AsyncPeriodicWork.lambda$doRun$0 Finished Periodic background build discarder. 1 ms
18-Nov-2021 06:28:02.189 INFO [Periodic background build discarder thread] hudson.model.AsyncPeriodicWork.lambda$doRun$0 Started Periodic background build discarder
18-Nov-2021 06:28:02.196 INFO [Periodic background build discarder thread] hudson.model.AsyncPeriodicWork.lambda$doRun$0 Finished Periodic background build discarder. 3 ms
18-Nov-2021 07:28:02.179 INFO [Periodic background build discarder thread] hudson.model.AsyncPeriodicWork.lambda$doRun$0 Started Periodic background build discarder
18-Nov-2021 07:28:02.183 INFO [Periodic background build discarder thread] hudson.model.AsyncPeriodicWork.lambda$doRun$0 Finished Periodic background build discarder. 3 ms
18-Nov-2021 08:16:05.197 SEVERE [ajp-nio-8009-exec-4] org.apache.coyote.ajp.AjpMessage.processHeader Invalid message received with signature 5635
18-Nov-2021 08:16:06.233 SEVERE [ajp-nio-8009-exec-5] org.apache.coyote.ajp.AjpMessage.processHeader Invalid message received with signature 18245
18-Nov-2021 08:28:02.179 INFO [Periodic background build discarder thread] hudson.model.AsyncPeriodicWork.lambda$doRun$0 Started Periodic background build discarder
18-Nov-2021 08:28:02.180 INFO [Periodic background build discarder thread] hudson.model.AsyncPeriodicWork.lambda$doRun$0 Finished Periodic background build discarder. 1 ms
18-Nov-2021 09:28:02.179 INFO [Periodic background build discarder thread] hudson.model.AsyncPeriodicWork.lambda$doRun$0 Started Periodic background build discarder
18-Nov-2021 09:28:02.180 INFO [Periodic background build discarder thread] hudson.model.AsyncPeriodicWork.lambda$doRun$0 Finished Periodic background build discarder. 1 ms
18-Nov-2021 10:28:02.179 INFO [Periodic background build discarder thread] hudson.model.AsyncPeriodicWork.lambda$doRun$0 Started Periodic background build discarder
18-Nov-2021 10:28:02.180 INFO [Periodic background build discarder thread] hudson.model.AsyncPeriodicWork.lambda$doRun$0 Finished Periodic background build discarder. 1 ms
18-Nov-2021 10:55:12.582 INFO [telemetry collection thread] hudson.model.AsyncPeriodicWork.lambda$doRun$0 Started telemetry collection
18-Nov-2021 10:55:12.584 INFO [telemetry collection thread] hudson.model.AsyncPeriodicWork.lambda$doRun$0 Finished telemetry collection. 1 ms
18-Nov-2021 11:28:02.179 INFO [Periodic background build discarder thread] hudson.model.AsyncPeriodicWork.lambda$doRun$0 Started Periodic background build discarder
18-Nov-2021 11:28:02.180 INFO [Periodic background build discarder thread] hudson.model.AsyncPeriodicWork.lambda$doRun$0 Finished Periodic background build discarder. 1 ms
18-Nov-2021 12:28:02.179 INFO [Periodic background build discarder thread] hudson.model.AsyncPeriodicWork.lambda$doRun$0 Started Periodic background build discarder
18-Nov-2021 12:28:02.180 INFO [Periodic background build discarder thread] hudson.model.AsyncPeriodicWork.lambda$doRun$0 Finished Periodic background build discarder. 1 ms
18-Nov-2021 12:52:30.707 INFO [Workspace clean-up thread] hudson.model.AsyncPeriodicWork.lambda$doRun$0 Started Workspace clean-up
18-Nov-2021 12:52:30.709 INFO [Workspace clean-up thread] hudson.model.AsyncPeriodicWork.lambda$doRun$0 Finished Workspace clean-up. 2 ms
18-Nov-2021 12:58:43.689 INFO [Fingerprint cleanup thread] hudson.model.AsyncPeriodicWork.lambda$doRun$0 Started Fingerprint cleanup
18-Nov-2021 12:58:43.691 INFO [Fingerprint cleanup thread] hudson.model.AsyncPeriodicWork.lambda$doRun$0 Finished Fingerprint cleanup. 1 ms
18-Nov-2021 13:28:02.179 INFO [Periodic background build discarder thread] hudson.model.AsyncPeriodicWork.lambda$doRun$0 Started Periodic background build discarder
18-Nov-2021 13:28:02.182 INFO [Periodic background build discarder thread] hudson.model.AsyncPeriodicWork.lambda$doRun$0 Finished Periodic background build discarder. 3 ms
18-Nov-2021 14:28:02.179 INFO [Periodic background build discarder thread] hudson.model.AsyncPeriodicWork.lambda$doRun$0 Started Periodic background build discarder
18-Nov-2021 14:28:02.180 INFO [Periodic background build discarder thread] hudson.model.AsyncPeriodicWork.lambda$doRun$0 Finished Periodic background build discarder. 1 ms
18-Nov-2021 15:28:02.179 INFO [Periodic background build discarder thread] hudson.model.AsyncPeriodicWork.lambda$doRun$0 Started Periodic background build discarder
18-Nov-2021 15:28:02.180 INFO [Periodic background build discarder thread] hudson.model.AsyncPeriodicWork.lambda$doRun$0 Finished Periodic background build discarder. 1 ms
18-Nov-2021 15:31:51.239 INFO [Download metadata thread] hudson.model.AsyncPeriodicWork.lambda$doRun$0 Started Download metadata
18-Nov-2021 15:31:51.240 INFO [Download metadata thread] hudson.util.Retrier.start Attempt #1 to do the action check updates server
18-Nov-2021 15:32:00.132 INFO [Download metadata thread] hudson.model.DownloadService$Downloadable.load Obtained the updated data file for hudson.tasks.Maven.MavenInstaller
18-Nov-2021 15:32:00.165 INFO [Download metadata thread] hudson.model.DownloadService$Downloadable.load Obtained the updated data file for hudson.tasks.Ant.AntInstaller
18-Nov-2021 15:32:00.261 INFO [Download metadata thread] hudson.model.DownloadService$Downloadable.load Obtained the updated data file for hudson.plugins.gradle.GradleInstaller
18-Nov-2021 15:32:00.803 INFO [660] hudson.model.DownloadService$Downloadable.load Obtained the updated data file for hudson.tools.JDKInstaller
18-Nov-2021 15:32:00.803 INFO [660] hudson.util.Retrier.start Performed the action check updates server successfully at the attempt #1
18-Nov-2021 15:32:00.803 INFO [660] hudson.model.AsyncPeriodicWork.lambda$doRun$0 Finished Download metadata. 9,564 ms
18-Nov-2021 16:28:02.179 INFO [Periodic background build discarder thread] hudson.model.AsyncPeriodicWork.lambda$doRun$0 Started Periodic background build discarder
18-Nov-2021 16:28:02.181 INFO [Periodic background build discarder thread] hudson.model.AsyncPeriodicWork.lambda$doRun$0 Finished Periodic background build discarder. 1 ms
18-Nov-2021 17:28:02.179 INFO [Periodic background build discarder thread] hudson.model.AsyncPeriodicWork.lambda$doRun$0 Started Periodic background build discarder
18-Nov-2021 17:28:02.180 INFO [Periodic background build discarder thread] hudson.model.AsyncPeriodicWork.lambda$doRun$0 Finished Periodic background build discarder. 1 ms
18-Nov-2021 18:19:41.111 SEVERE [ajp-nio-8009-exec-7] org.apache.coyote.ajp.AjpMessage.processHeader Invalid message received with signature 5635
18-Nov-2021 18:19:41.223 SEVERE [ajp-nio-8009-exec-8] org.apache.coyote.ajp.AjpMessage.processHeader Invalid message received with signature 32973
18-Nov-2021 18:19:41.300 SEVERE [ajp-nio-8009-exec-9] org.apache.coyote.ajp.AjpMessage.processHeader Invalid message received with signature 33048
18-Nov-2021 18:19:44.714 SEVERE [ajp-nio-8009-exec-10] org.apache.coyote.ajp.AjpMessage.processHeader Invalid message received with signature 18245
18-Nov-2021 18:19:47.981 SEVERE [ajp-nio-8009-exec-1] org.apache.coyote.ajp.AjpMessage.processHeader Invalid message received with signature 5635
18-Nov-2021 18:28:02.179 INFO [Periodic background build discarder thread] hudson.model.AsyncPeriodicWork.lambda$doRun$0 Started Periodic background build discarder
18-Nov-2021 18:28:02.180 INFO [Periodic background build discarder thread] hudson.model.AsyncPeriodicWork.lambda$doRun$0 Finished Periodic background build discarder. 1 ms
18-Nov-2021 19:28:02.179 INFO [Periodic background build discarder thread] hudson.model.AsyncPeriodicWork.lambda$doRun$0 Started Periodic background build discarder
18-Nov-2021 19:28:02.180 INFO [Periodic background build discarder thread] hudson.model.AsyncPeriodicWork.lambda$doRun$0 Finished Periodic background build discarder. 1 ms
18-Nov-2021 20:28:02.179 INFO [Periodic background build discarder thread] hudson.model.AsyncPeriodicWork.lambda$doRun$0 Started Periodic background build discarder
18-Nov-2021 20:28:02.180 INFO [Periodic background build discarder thread] hudson.model.AsyncPeriodicWork.lambda$doRun$0 Finished Periodic background build discarder. 1 ms
18-Nov-2021 21:28:02.179 INFO [Periodic background build discarder thread] hudson.model.AsyncPeriodicWork.lambda$doRun$0 Started Periodic background build discarder
18-Nov-2021 21:28:02.181 INFO [Periodic background build discarder thread] hudson.model.AsyncPeriodicWork.lambda$doRun$0 Finished Periodic background build discarder. 1 ms
18-Nov-2021 22:28:02.179 INFO [Periodic background build discarder thread] hudson.model.AsyncPeriodicWork.lambda$doRun$0 Started Periodic background build discarder
18-Nov-2021 22:28:02.183 INFO [Periodic background build discarder thread] hudson.model.AsyncPeriodicWork.lambda$doRun$0 Finished Periodic background build discarder. 2 ms
18-Nov-2021 23:28:02.179 INFO [Periodic background build discarder thread] hudson.model.AsyncPeriodicWork.lambda$doRun$0 Started Periodic background build discarder
18-Nov-2021 23:28:02.180 INFO [Periodic background build discarder thread] hudson.model.AsyncPeriodicWork.lambda$doRun$0 Finished Periodic background build discarder. 1 ms
