22-Nov-2021 00:28:02.179 INFO [Periodic background build discarder thread] hudson.model.AsyncPeriodicWork.lambda$doRun$0 Started Periodic background build discarder
22-Nov-2021 00:28:02.186 INFO [Periodic background build discarder thread] hudson.model.AsyncPeriodicWork.lambda$doRun$0 Finished Periodic background build discarder. 0 ms
22-Nov-2021 01:28:02.179 INFO [Periodic background build discarder thread] hudson.model.AsyncPeriodicWork.lambda$doRun$0 Started Periodic background build discarder
22-Nov-2021 01:28:02.183 INFO [Periodic background build discarder thread] hudson.model.AsyncPeriodicWork.lambda$doRun$0 Finished Periodic background build discarder. 4 ms
22-Nov-2021 01:33:09.886 SEVERE [ajp-nio-8009-exec-9] org.apache.coyote.ajp.AjpMessage.processHeader Invalid message received with signature 5635
22-Nov-2021 01:33:10.964 SEVERE [ajp-nio-8009-exec-10] org.apache.coyote.ajp.AjpMessage.processHeader Invalid message received with signature 18245
22-Nov-2021 02:28:02.179 INFO [Periodic background build discarder thread] hudson.model.AsyncPeriodicWork.lambda$doRun$0 Started Periodic background build discarder
22-Nov-2021 02:28:02.180 INFO [Periodic background build discarder thread] hudson.model.AsyncPeriodicWork.lambda$doRun$0 Finished Periodic background build discarder. 1 ms
22-Nov-2021 03:28:02.179 INFO [Periodic background build discarder thread] hudson.model.AsyncPeriodicWork.lambda$doRun$0 Started Periodic background build discarder
22-Nov-2021 03:28:02.187 INFO [Periodic background build discarder thread] hudson.model.AsyncPeriodicWork.lambda$doRun$0 Finished Periodic background build discarder. 1 ms
22-Nov-2021 04:28:02.179 INFO [Periodic background build discarder thread] hudson.model.AsyncPeriodicWork.lambda$doRun$0 Started Periodic background build discarder
22-Nov-2021 04:28:02.180 INFO [Periodic background build discarder thread] hudson.model.AsyncPeriodicWork.lambda$doRun$0 Finished Periodic background build discarder. 1 ms
22-Nov-2021 04:42:22.982 SEVERE [ajp-nio-8009-exec-4] org.apache.coyote.ajp.AjpMessage.processHeader Invalid message received with signature 23205
22-Nov-2021 05:28:02.179 INFO [Periodic background build discarder thread] hudson.model.AsyncPeriodicWork.lambda$doRun$0 Started Periodic background build discarder
22-Nov-2021 05:28:02.180 INFO [Periodic background build discarder thread] hudson.model.AsyncPeriodicWork.lambda$doRun$0 Finished Periodic background build discarder. 1 ms
22-Nov-2021 05:57:37.230 SEVERE [ajp-nio-8009-exec-5] org.apache.coyote.ajp.AjpMessage.processHeader Invalid message received with signature 23205
22-Nov-2021 06:28:02.179 INFO [Periodic background build discarder thread] hudson.model.AsyncPeriodicWork.lambda$doRun$0 Started Periodic background build discarder
22-Nov-2021 06:28:02.180 INFO [Periodic background build discarder thread] hudson.model.AsyncPeriodicWork.lambda$doRun$0 Finished Periodic background build discarder. 1 ms
22-Nov-2021 07:28:02.179 INFO [Periodic background build discarder thread] hudson.model.AsyncPeriodicWork.lambda$doRun$0 Started Periodic background build discarder
22-Nov-2021 07:28:02.180 INFO [Periodic background build discarder thread] hudson.model.AsyncPeriodicWork.lambda$doRun$0 Finished Periodic background build discarder. 1 ms
22-Nov-2021 08:28:02.179 INFO [Periodic background build discarder thread] hudson.model.AsyncPeriodicWork.lambda$doRun$0 Started Periodic background build discarder
22-Nov-2021 08:28:02.181 INFO [Periodic background build discarder thread] hudson.model.AsyncPeriodicWork.lambda$doRun$0 Finished Periodic background build discarder. 2 ms
22-Nov-2021 09:28:02.179 INFO [Periodic background build discarder thread] hudson.model.AsyncPeriodicWork.lambda$doRun$0 Started Periodic background build discarder
22-Nov-2021 09:28:02.180 INFO [Periodic background build discarder thread] hudson.model.AsyncPeriodicWork.lambda$doRun$0 Finished Periodic background build discarder. 1 ms
22-Nov-2021 10:28:02.179 INFO [Periodic background build discarder thread] hudson.model.AsyncPeriodicWork.lambda$doRun$0 Started Periodic background build discarder
22-Nov-2021 10:28:02.182 INFO [Periodic background build discarder thread] hudson.model.AsyncPeriodicWork.lambda$doRun$0 Finished Periodic background build discarder. 3 ms
22-Nov-2021 10:55:12.582 INFO [telemetry collection thread] hudson.model.AsyncPeriodicWork.lambda$doRun$0 Started telemetry collection
22-Nov-2021 10:55:12.586 INFO [telemetry collection thread] hudson.model.AsyncPeriodicWork.lambda$doRun$0 Finished telemetry collection. 2 ms
22-Nov-2021 11:11:32.643 SEVERE [ajp-nio-8009-exec-6] org.apache.coyote.ajp.AjpMessage.processHeader Invalid message received with signature 23205
22-Nov-2021 11:28:02.179 INFO [Periodic background build discarder thread] hudson.model.AsyncPeriodicWork.lambda$doRun$0 Started Periodic background build discarder
22-Nov-2021 11:28:02.180 INFO [Periodic background build discarder thread] hudson.model.AsyncPeriodicWork.lambda$doRun$0 Finished Periodic background build discarder. 1 ms
22-Nov-2021 12:08:46.106 SEVERE [ajp-nio-8009-exec-7] org.apache.coyote.ajp.AjpMessage.processHeader Invalid message received with signature 23205
22-Nov-2021 12:28:02.179 INFO [Periodic background build discarder thread] hudson.model.AsyncPeriodicWork.lambda$doRun$0 Started Periodic background build discarder
22-Nov-2021 12:28:02.182 INFO [Periodic background build discarder thread] hudson.model.AsyncPeriodicWork.lambda$doRun$0 Finished Periodic background build discarder. 3 ms
22-Nov-2021 12:30:20.608 SEVERE [ajp-nio-8009-exec-8] org.apache.coyote.ajp.AjpMessage.processHeader Invalid message received with signature 0
22-Nov-2021 12:30:21.216 SEVERE [ajp-nio-8009-exec-9] org.apache.coyote.ajp.AjpMessage.processHeader Invalid message received with signature 18245
22-Nov-2021 12:52:30.707 INFO [Workspace clean-up thread] hudson.model.AsyncPeriodicWork.lambda$doRun$0 Started Workspace clean-up
22-Nov-2021 12:52:30.711 INFO [Workspace clean-up thread] hudson.model.AsyncPeriodicWork.lambda$doRun$0 Finished Workspace clean-up. 1 ms
22-Nov-2021 12:58:43.689 INFO [Fingerprint cleanup thread] hudson.model.AsyncPeriodicWork.lambda$doRun$0 Started Fingerprint cleanup
22-Nov-2021 12:58:43.691 INFO [Fingerprint cleanup thread] hudson.model.AsyncPeriodicWork.lambda$doRun$0 Finished Fingerprint cleanup. 1 ms
22-Nov-2021 13:28:02.179 INFO [Periodic background build discarder thread] hudson.model.AsyncPeriodicWork.lambda$doRun$0 Started Periodic background build discarder
22-Nov-2021 13:28:02.187 INFO [Periodic background build discarder thread] hudson.model.AsyncPeriodicWork.lambda$doRun$0 Finished Periodic background build discarder. 1 ms
22-Nov-2021 14:28:02.179 INFO [Periodic background build discarder thread] hudson.model.AsyncPeriodicWork.lambda$doRun$0 Started Periodic background build discarder
22-Nov-2021 14:28:02.180 INFO [Periodic background build discarder thread] hudson.model.AsyncPeriodicWork.lambda$doRun$0 Finished Periodic background build discarder. 1 ms
22-Nov-2021 15:28:02.179 INFO [Periodic background build discarder thread] hudson.model.AsyncPeriodicWork.lambda$doRun$0 Started Periodic background build discarder
22-Nov-2021 15:28:02.180 INFO [Periodic background build discarder thread] hudson.model.AsyncPeriodicWork.lambda$doRun$0 Finished Periodic background build discarder. 1 ms
22-Nov-2021 15:31:51.239 INFO [Download metadata thread] hudson.model.AsyncPeriodicWork.lambda$doRun$0 Started Download metadata
22-Nov-2021 15:31:51.241 INFO [Download metadata thread] hudson.util.Retrier.start Attempt #1 to do the action check updates server
22-Nov-2021 15:31:59.929 INFO [Download metadata thread] hudson.model.DownloadService$Downloadable.load Obtained the updated data file for hudson.tasks.Maven.MavenInstaller
22-Nov-2021 15:31:59.956 INFO [Download metadata thread] hudson.model.DownloadService$Downloadable.load Obtained the updated data file for hudson.tasks.Ant.AntInstaller
22-Nov-2021 15:32:00.020 INFO [Download metadata thread] hudson.model.DownloadService$Downloadable.load Obtained the updated data file for hudson.plugins.gradle.GradleInstaller
22-Nov-2021 15:32:00.463 INFO [1461] hudson.model.DownloadService$Downloadable.load Obtained the updated data file for hudson.tools.JDKInstaller
22-Nov-2021 15:32:00.463 INFO [1461] hudson.util.Retrier.start Performed the action check updates server successfully at the attempt #1
22-Nov-2021 15:32:00.463 INFO [1461] hudson.model.AsyncPeriodicWork.lambda$doRun$0 Finished Download metadata. 9,224 ms
22-Nov-2021 15:51:59.684 SEVERE [ajp-nio-8009-exec-1] org.apache.coyote.ajp.AjpMessage.processHeader Invalid message received with signature 5635
22-Nov-2021 15:52:00.721 SEVERE [ajp-nio-8009-exec-2] org.apache.coyote.ajp.AjpMessage.processHeader Invalid message received with signature 18245
22-Nov-2021 16:28:02.181 INFO [Periodic background build discarder thread] hudson.model.AsyncPeriodicWork.lambda$doRun$0 Started Periodic background build discarder
22-Nov-2021 16:28:02.189 INFO [Periodic background build discarder thread] hudson.model.AsyncPeriodicWork.lambda$doRun$0 Finished Periodic background build discarder. 4 ms
22-Nov-2021 17:28:02.179 INFO [Periodic background build discarder thread] hudson.model.AsyncPeriodicWork.lambda$doRun$0 Started Periodic background build discarder
22-Nov-2021 17:28:02.180 INFO [Periodic background build discarder thread] hudson.model.AsyncPeriodicWork.lambda$doRun$0 Finished Periodic background build discarder. 1 ms
22-Nov-2021 18:22:01.480 SEVERE [ajp-nio-8009-exec-4] org.apache.coyote.ajp.AjpMessage.processHeader Invalid message received with signature 5635
22-Nov-2021 18:28:02.179 INFO [Periodic background build discarder thread] hudson.model.AsyncPeriodicWork.lambda$doRun$0 Started Periodic background build discarder
22-Nov-2021 18:28:02.180 INFO [Periodic background build discarder thread] hudson.model.AsyncPeriodicWork.lambda$doRun$0 Finished Periodic background build discarder. 1 ms
22-Nov-2021 19:28:02.179 INFO [Periodic background build discarder thread] hudson.model.AsyncPeriodicWork.lambda$doRun$0 Started Periodic background build discarder
22-Nov-2021 19:28:02.180 INFO [Periodic background build discarder thread] hudson.model.AsyncPeriodicWork.lambda$doRun$0 Finished Periodic background build discarder. 1 ms
22-Nov-2021 20:28:02.179 INFO [Periodic background build discarder thread] hudson.model.AsyncPeriodicWork.lambda$doRun$0 Started Periodic background build discarder
22-Nov-2021 20:28:02.180 INFO [Periodic background build discarder thread] hudson.model.AsyncPeriodicWork.lambda$doRun$0 Finished Periodic background build discarder. 1 ms
22-Nov-2021 21:00:33.847 INFO [http-nio-8080-exec-10] org.apache.coyote.http11.Http11Processor.service Error parsing HTTP request header
 Note: further occurrences of HTTP header parsing errors will be logged at DEBUG level.
 java.lang.IllegalArgumentException: Invalid character found in method name. HTTP method names must be tokens
	at org.apache.coyote.http11.Http11InputBuffer.parseRequestLine(Http11InputBuffer.java:462)
	at org.apache.coyote.http11.Http11Processor.service(Http11Processor.java:667)
	at org.apache.coyote.AbstractProcessorLight.process(AbstractProcessorLight.java:66)
	at org.apache.coyote.AbstractProtocol$ConnectionHandler.process(AbstractProtocol.java:802)
	at org.apache.tomcat.util.net.NioEndpoint$SocketProcessor.doRun(NioEndpoint.java:1452)
	at org.apache.tomcat.util.net.SocketProcessorBase.run(SocketProcessorBase.java:49)
	at java.util.concurrent.ThreadPoolExecutor.runWorker(ThreadPoolExecutor.java:1149)
	at java.util.concurrent.ThreadPoolExecutor$Worker.run(ThreadPoolExecutor.java:624)
	at org.apache.tomcat.util.threads.TaskThread$WrappingRunnable.run(TaskThread.java:61)
	at java.lang.Thread.run(Thread.java:748)

22-Nov-2021 21:28:02.179 INFO [Periodic background build discarder thread] hudson.model.AsyncPeriodicWork.lambda$doRun$0 Started Periodic background build discarder
22-Nov-2021 21:28:02.181 INFO [Periodic background build discarder thread] hudson.model.AsyncPeriodicWork.lambda$doRun$0 Finished Periodic background build discarder. 2 ms
22-Nov-2021 22:28:02.179 INFO [Periodic background build discarder thread] hudson.model.AsyncPeriodicWork.lambda$doRun$0 Started Periodic background build discarder
22-Nov-2021 22:28:02.180 INFO [Periodic background build discarder thread] hudson.model.AsyncPeriodicWork.lambda$doRun$0 Finished Periodic background build discarder. 1 ms
22-Nov-2021 23:28:02.179 INFO [Periodic background build discarder thread] hudson.model.AsyncPeriodicWork.lambda$doRun$0 Started Periodic background build discarder
22-Nov-2021 23:28:02.181 INFO [Periodic background build discarder thread] hudson.model.AsyncPeriodicWork.lambda$doRun$0 Finished Periodic background build discarder. 2 ms
22-Nov-2021 23:53:35.568 SEVERE [ajp-nio-8009-exec-7] org.apache.coyote.ajp.AjpMessage.processHeader Invalid message received with signature 23205
