19-Nov-2021 00:28:02.179 INFO [Periodic background build discarder thread] hudson.model.AsyncPeriodicWork.lambda$doRun$0 Started Periodic background build discarder
19-Nov-2021 00:28:02.182 INFO [Periodic background build discarder thread] hudson.model.AsyncPeriodicWork.lambda$doRun$0 Finished Periodic background build discarder. 0 ms
19-Nov-2021 01:28:02.179 INFO [Periodic background build discarder thread] hudson.model.AsyncPeriodicWork.lambda$doRun$0 Started Periodic background build discarder
19-Nov-2021 01:28:02.181 INFO [Periodic background build discarder thread] hudson.model.AsyncPeriodicWork.lambda$doRun$0 Finished Periodic background build discarder. 1 ms
19-Nov-2021 02:28:02.179 INFO [Periodic background build discarder thread] hudson.model.AsyncPeriodicWork.lambda$doRun$0 Started Periodic background build discarder
19-Nov-2021 02:28:02.180 INFO [Periodic background build discarder thread] hudson.model.AsyncPeriodicWork.lambda$doRun$0 Finished Periodic background build discarder. 1 ms
19-Nov-2021 02:44:14.299 INFO [http-nio-8080-exec-1] org.apache.coyote.http11.Http11Processor.service Error parsing HTTP request header
 Note: further occurrences of HTTP header parsing errors will be logged at DEBUG level.
 java.lang.IllegalArgumentException: Invalid character found in method name. HTTP method names must be tokens
	at org.apache.coyote.http11.Http11InputBuffer.parseRequestLine(Http11InputBuffer.java:462)
	at org.apache.coyote.http11.Http11Processor.service(Http11Processor.java:667)
	at org.apache.coyote.AbstractProcessorLight.process(AbstractProcessorLight.java:66)
	at org.apache.coyote.AbstractProtocol$ConnectionHandler.process(AbstractProtocol.java:802)
	at org.apache.tomcat.util.net.NioEndpoint$SocketProcessor.doRun(NioEndpoint.java:1452)
	at org.apache.tomcat.util.net.SocketProcessorBase.run(SocketProcessorBase.java:49)
	at java.util.concurrent.ThreadPoolExecutor.runWorker(ThreadPoolExecutor.java:1149)
	at java.util.concurrent.ThreadPoolExecutor$Worker.run(ThreadPoolExecutor.java:624)
	at org.apache.tomcat.util.threads.TaskThread$WrappingRunnable.run(TaskThread.java:61)
	at java.lang.Thread.run(Thread.java:748)

19-Nov-2021 03:28:02.179 INFO [Periodic background build discarder thread] hudson.model.AsyncPeriodicWork.lambda$doRun$0 Started Periodic background build discarder
19-Nov-2021 03:28:02.180 INFO [Periodic background build discarder thread] hudson.model.AsyncPeriodicWork.lambda$doRun$0 Finished Periodic background build discarder. 1 ms
19-Nov-2021 03:39:18.906 SEVERE [ajp-nio-8009-exec-4] org.apache.coyote.ajp.AjpMessage.processHeader Invalid message received with signature 1025
19-Nov-2021 03:40:19.229 SEVERE [ajp-nio-8009-exec-6] org.apache.coyote.ajp.AjpMessage.processHeader Invalid message received with signature 17231
19-Nov-2021 04:21:03.374 SEVERE [ajp-nio-8009-exec-7] org.apache.coyote.ajp.AjpMessage.processHeader Invalid message received with signature 1025
19-Nov-2021 04:22:03.681 SEVERE [ajp-nio-8009-exec-9] org.apache.coyote.ajp.AjpMessage.processHeader Invalid message received with signature 17231
19-Nov-2021 04:28:02.179 INFO [Periodic background build discarder thread] hudson.model.AsyncPeriodicWork.lambda$doRun$0 Started Periodic background build discarder
19-Nov-2021 04:28:02.180 INFO [Periodic background build discarder thread] hudson.model.AsyncPeriodicWork.lambda$doRun$0 Finished Periodic background build discarder. 1 ms
19-Nov-2021 04:58:24.335 SEVERE [ajp-nio-8009-exec-10] org.apache.coyote.ajp.AjpMessage.processHeader Invalid message received with signature 23205
19-Nov-2021 05:00:51.630 SEVERE [ajp-nio-8009-exec-1] org.apache.coyote.ajp.AjpMessage.processHeader Invalid message received with signature 23205
19-Nov-2021 05:28:02.179 INFO [Periodic background build discarder thread] hudson.model.AsyncPeriodicWork.lambda$doRun$0 Started Periodic background build discarder
19-Nov-2021 05:28:02.180 INFO [Periodic background build discarder thread] hudson.model.AsyncPeriodicWork.lambda$doRun$0 Finished Periodic background build discarder. 1 ms
19-Nov-2021 06:28:02.179 INFO [Periodic background build discarder thread] hudson.model.AsyncPeriodicWork.lambda$doRun$0 Started Periodic background build discarder
19-Nov-2021 06:28:02.180 INFO [Periodic background build discarder thread] hudson.model.AsyncPeriodicWork.lambda$doRun$0 Finished Periodic background build discarder. 1 ms
19-Nov-2021 07:28:02.179 INFO [Periodic background build discarder thread] hudson.model.AsyncPeriodicWork.lambda$doRun$0 Started Periodic background build discarder
19-Nov-2021 07:28:02.180 INFO [Periodic background build discarder thread] hudson.model.AsyncPeriodicWork.lambda$doRun$0 Finished Periodic background build discarder. 1 ms
19-Nov-2021 08:28:02.179 INFO [Periodic background build discarder thread] hudson.model.AsyncPeriodicWork.lambda$doRun$0 Started Periodic background build discarder
19-Nov-2021 08:28:02.180 INFO [Periodic background build discarder thread] hudson.model.AsyncPeriodicWork.lambda$doRun$0 Finished Periodic background build discarder. 1 ms
19-Nov-2021 09:28:02.179 INFO [Periodic background build discarder thread] hudson.model.AsyncPeriodicWork.lambda$doRun$0 Started Periodic background build discarder
19-Nov-2021 09:28:02.180 INFO [Periodic background build discarder thread] hudson.model.AsyncPeriodicWork.lambda$doRun$0 Finished Periodic background build discarder. 1 ms
19-Nov-2021 10:19:07.020 SEVERE [ajp-nio-8009-exec-3] org.apache.coyote.ajp.AjpMessage.processHeader Invalid message received with signature 5635
19-Nov-2021 10:19:08.058 SEVERE [ajp-nio-8009-exec-4] org.apache.coyote.ajp.AjpMessage.processHeader Invalid message received with signature 18245
19-Nov-2021 10:28:02.179 INFO [Periodic background build discarder thread] hudson.model.AsyncPeriodicWork.lambda$doRun$0 Started Periodic background build discarder
19-Nov-2021 10:28:02.180 INFO [Periodic background build discarder thread] hudson.model.AsyncPeriodicWork.lambda$doRun$0 Finished Periodic background build discarder. 1 ms
19-Nov-2021 10:55:12.582 INFO [telemetry collection thread] hudson.model.AsyncPeriodicWork.lambda$doRun$0 Started telemetry collection
19-Nov-2021 10:55:12.585 INFO [telemetry collection thread] hudson.model.AsyncPeriodicWork.lambda$doRun$0 Finished telemetry collection. 3 ms
19-Nov-2021 11:28:02.179 INFO [Periodic background build discarder thread] hudson.model.AsyncPeriodicWork.lambda$doRun$0 Started Periodic background build discarder
19-Nov-2021 11:28:02.181 INFO [Periodic background build discarder thread] hudson.model.AsyncPeriodicWork.lambda$doRun$0 Finished Periodic background build discarder. 2 ms
19-Nov-2021 12:28:02.179 INFO [Periodic background build discarder thread] hudson.model.AsyncPeriodicWork.lambda$doRun$0 Started Periodic background build discarder
19-Nov-2021 12:28:02.180 INFO [Periodic background build discarder thread] hudson.model.AsyncPeriodicWork.lambda$doRun$0 Finished Periodic background build discarder. 1 ms
19-Nov-2021 12:52:30.707 INFO [Workspace clean-up thread] hudson.model.AsyncPeriodicWork.lambda$doRun$0 Started Workspace clean-up
19-Nov-2021 12:52:30.708 INFO [Workspace clean-up thread] hudson.model.AsyncPeriodicWork.lambda$doRun$0 Finished Workspace clean-up. 1 ms
19-Nov-2021 12:58:43.689 INFO [Fingerprint cleanup thread] hudson.model.AsyncPeriodicWork.lambda$doRun$0 Started Fingerprint cleanup
19-Nov-2021 12:58:43.693 INFO [Fingerprint cleanup thread] hudson.model.AsyncPeriodicWork.lambda$doRun$0 Finished Fingerprint cleanup. 3 ms
19-Nov-2021 13:28:02.179 INFO [Periodic background build discarder thread] hudson.model.AsyncPeriodicWork.lambda$doRun$0 Started Periodic background build discarder
19-Nov-2021 13:28:02.180 INFO [Periodic background build discarder thread] hudson.model.AsyncPeriodicWork.lambda$doRun$0 Finished Periodic background build discarder. 1 ms
19-Nov-2021 14:28:02.179 INFO [Periodic background build discarder thread] hudson.model.AsyncPeriodicWork.lambda$doRun$0 Started Periodic background build discarder
19-Nov-2021 14:28:02.180 INFO [Periodic background build discarder thread] hudson.model.AsyncPeriodicWork.lambda$doRun$0 Finished Periodic background build discarder. 1 ms
19-Nov-2021 15:28:02.179 INFO [Periodic background build discarder thread] hudson.model.AsyncPeriodicWork.lambda$doRun$0 Started Periodic background build discarder
19-Nov-2021 15:28:02.180 INFO [Periodic background build discarder thread] hudson.model.AsyncPeriodicWork.lambda$doRun$0 Finished Periodic background build discarder. 1 ms
19-Nov-2021 15:31:51.239 INFO [Download metadata thread] hudson.model.AsyncPeriodicWork.lambda$doRun$0 Started Download metadata
19-Nov-2021 15:31:51.418 INFO [Download metadata thread] hudson.model.DownloadService$Downloadable.load Obtained the updated data file for hudson.tasks.Maven.MavenInstaller
19-Nov-2021 15:31:51.444 INFO [Download metadata thread] hudson.model.DownloadService$Downloadable.load Obtained the updated data file for hudson.tasks.Ant.AntInstaller
19-Nov-2021 15:31:51.515 INFO [Download metadata thread] hudson.model.DownloadService$Downloadable.load Obtained the updated data file for hudson.plugins.gradle.GradleInstaller
19-Nov-2021 15:31:51.992 INFO [861] hudson.model.DownloadService$Downloadable.load Obtained the updated data file for hudson.tools.JDKInstaller
19-Nov-2021 15:31:51.992 INFO [861] hudson.model.AsyncPeriodicWork.lambda$doRun$0 Finished Download metadata. 753 ms
19-Nov-2021 16:28:02.179 INFO [Periodic background build discarder thread] hudson.model.AsyncPeriodicWork.lambda$doRun$0 Started Periodic background build discarder
19-Nov-2021 16:28:02.181 INFO [Periodic background build discarder thread] hudson.model.AsyncPeriodicWork.lambda$doRun$0 Finished Periodic background build discarder. 0 ms
19-Nov-2021 17:28:02.179 INFO [Periodic background build discarder thread] hudson.model.AsyncPeriodicWork.lambda$doRun$0 Started Periodic background build discarder
19-Nov-2021 17:28:02.180 INFO [Periodic background build discarder thread] hudson.model.AsyncPeriodicWork.lambda$doRun$0 Finished Periodic background build discarder. 1 ms
19-Nov-2021 18:28:02.179 INFO [Periodic background build discarder thread] hudson.model.AsyncPeriodicWork.lambda$doRun$0 Started Periodic background build discarder
19-Nov-2021 18:28:02.180 INFO [Periodic background build discarder thread] hudson.model.AsyncPeriodicWork.lambda$doRun$0 Finished Periodic background build discarder. 1 ms
19-Nov-2021 19:11:12.456 SEVERE [ajp-nio-8009-exec-10] org.apache.coyote.ajp.AjpMessage.processHeader Invalid message received with signature 18245
19-Nov-2021 19:28:02.179 INFO [Periodic background build discarder thread] hudson.model.AsyncPeriodicWork.lambda$doRun$0 Started Periodic background build discarder
19-Nov-2021 19:28:02.180 INFO [Periodic background build discarder thread] hudson.model.AsyncPeriodicWork.lambda$doRun$0 Finished Periodic background build discarder. 1 ms
19-Nov-2021 20:28:02.179 INFO [Periodic background build discarder thread] hudson.model.AsyncPeriodicWork.lambda$doRun$0 Started Periodic background build discarder
19-Nov-2021 20:28:02.182 INFO [Periodic background build discarder thread] hudson.model.AsyncPeriodicWork.lambda$doRun$0 Finished Periodic background build discarder. 0 ms
19-Nov-2021 21:28:02.179 INFO [Periodic background build discarder thread] hudson.model.AsyncPeriodicWork.lambda$doRun$0 Started Periodic background build discarder
19-Nov-2021 21:28:02.181 INFO [Periodic background build discarder thread] hudson.model.AsyncPeriodicWork.lambda$doRun$0 Finished Periodic background build discarder. 0 ms
19-Nov-2021 22:28:02.179 INFO [Periodic background build discarder thread] hudson.model.AsyncPeriodicWork.lambda$doRun$0 Started Periodic background build discarder
19-Nov-2021 22:28:02.180 INFO [Periodic background build discarder thread] hudson.model.AsyncPeriodicWork.lambda$doRun$0 Finished Periodic background build discarder. 1 ms
19-Nov-2021 23:28:02.179 INFO [Periodic background build discarder thread] hudson.model.AsyncPeriodicWork.lambda$doRun$0 Started Periodic background build discarder
19-Nov-2021 23:28:02.180 INFO [Periodic background build discarder thread] hudson.model.AsyncPeriodicWork.lambda$doRun$0 Finished Periodic background build discarder. 1 ms
